Command line:
   Top_module_isim_beh.exe
     -simmode  gui
     -simrunnum  0
     -socket  1358

Thu Jun 22 14:50:01 2017


 Elaboration Time: 0.187201 sec

 Current Memory Usage: 1145.11 Meg

 Total Signals          : 272
 Total Nets             : 715
 Total Signal Drivers   : 106
 Total Blocks           : 36
 Total Primitive Blocks : 32
 Total Processes        : 136
 Total Traceable Variables  : 424
 Total Scalar Nets and Variables : 19081
Total Line Count : 598

 Total Simulation Time: 0.218401 sec

 Current Memory Usage: 1145.11 Meg

Thu Jun 22 14:50:07 2017

